[2025-09-02T01:45:16.165Z] [INFO] API request: /api/users?group=123456
[2025-09-02T01:45:16.165Z] [INFO] Returning 0 users for group 123456
[2025-09-02T01:45:32.175Z] [INFO] API request: /api/users?group=123456
[2025-09-02T01:45:32.175Z] [INFO] Returning 0 users for group 123456
[2025-09-02T01:45:33.155Z] [INFO] API request: /api/users?group=123456
[2025-09-02T01:45:33.155Z] [INFO] Returning 0 users for group 123456
[2025-09-02T01:45:41.942Z] [INFO] API request: /api/users?group=123456
[2025-09-02T01:45:41.942Z] [INFO] Returning 0 users for group 123456
[2025-09-02T01:46:03.163Z] [INFO] API request: /api/users?group=123456
[2025-09-02T01:46:03.163Z] [INFO] Returning 0 users for group 123456
[2025-09-02T01:46:34.148Z] [INFO] API request: /api/users?group=123456
[2025-09-02T01:46:34.148Z] [INFO] Returning 0 users for group 123456
[2025-09-02T01:47:04.160Z] [INFO] API request: /api/users?group=123456
[2025-09-02T01:47:04.160Z] [INFO] Returning 0 users for group 123456
[2025-09-02T01:47:34.149Z] [INFO] API request: /api/users?group=123456
[2025-09-02T01:47:34.149Z] [INFO] Returning 0 users for group 123456
[2025-09-02T01:48:04.148Z] [INFO] API request: /api/users?group=123456
[2025-09-02T01:48:04.149Z] [INFO] Returning 0 users for group 123456
[2025-09-02T01:48:18.921Z] [INFO] Received SIGINT, closing server gracefully...
[2025-09-02T01:48:19.493Z] [INFO] Server running on port 8080
[2025-09-02T01:48:19.496Z] [INFO] WebSocket endpoint: ws://localhost:8080/ws
[2025-09-02T01:48:19.496Z] [INFO] Web interface: http://localhost:8080
[2025-09-02T01:48:25.965Z] [INFO] API request: /api/users?group=123456
[2025-09-02T01:48:25.965Z] [DEBUG] Looking for group: 123456, available groups: 
[2025-09-02T01:48:25.965Z] [DEBUG] Total users: 0
[2025-09-02T01:48:25.965Z] [DEBUG] Group 123456 not found in groups map
[2025-09-02T01:48:25.965Z] [INFO] Returning 0 users for group 123456
[2025-09-02T01:48:34.150Z] [INFO] API request: /api/users?group=123456
[2025-09-02T01:48:34.151Z] [DEBUG] Looking for group: 123456, available groups: 
[2025-09-02T01:48:34.151Z] [DEBUG] Total users: 0
[2025-09-02T01:48:34.151Z] [DEBUG] Group 123456 not found in groups map
[2025-09-02T01:48:34.151Z] [INFO] Returning 0 users for group 123456
[2025-09-02T01:48:55.980Z] [INFO] API request: /api/users?group=123456
[2025-09-02T01:48:55.980Z] [DEBUG] Looking for group: 123456, available groups: 
[2025-09-02T01:48:55.980Z] [DEBUG] Total users: 0
[2025-09-02T01:48:55.980Z] [DEBUG] Group 123456 not found in groups map
[2025-09-02T01:48:55.980Z] [INFO] Returning 0 users for group 123456
[2025-09-02T01:49:04.149Z] [INFO] API request: /api/users?group=123456
[2025-09-02T01:49:04.150Z] [DEBUG] Looking for group: 123456, available groups: 
[2025-09-02T01:49:04.150Z] [DEBUG] Total users: 0
[2025-09-02T01:49:04.150Z] [DEBUG] Group 123456 not found in groups map
[2025-09-02T01:49:04.150Z] [INFO] Returning 0 users for group 123456
[2025-09-02T01:49:18.238Z] [INFO] Server running on port 8080
[2025-09-02T01:49:18.241Z] [INFO] WebSocket endpoint: ws://localhost:8080/ws
[2025-09-02T01:49:18.241Z] [INFO] Web interface: http://localhost:8080
[2025-09-02T01:49:23.697Z] [INFO] API request: /api/users?group=123456
[2025-09-02T01:49:23.698Z] [DEBUG] Looking for group: 123456, available groups: 
[2025-09-02T01:49:23.698Z] [DEBUG] Total users: 0
[2025-09-02T01:49:23.698Z] [DEBUG] Group 123456 not found in groups map
[2025-09-02T01:49:23.698Z] [INFO] Returning 0 users for group 123456
[2025-09-02T01:49:47.151Z] [INFO] API request: /api/users?group=123456
[2025-09-02T01:49:47.152Z] [DEBUG] Looking for group: 123456, available groups: 
[2025-09-02T01:49:47.152Z] [DEBUG] Total users: 0
[2025-09-02T01:49:47.152Z] [DEBUG] Group 123456 not found in groups map
[2025-09-02T01:49:47.152Z] [INFO] Returning 0 users for group 123456
[2025-09-02T01:49:53.712Z] [INFO] API request: /api/users?group=123456
[2025-09-02T01:49:53.712Z] [DEBUG] Looking for group: 123456, available groups: 
[2025-09-02T01:49:53.712Z] [DEBUG] Total users: 0
[2025-09-02T01:49:53.712Z] [DEBUG] Group 123456 not found in groups map
[2025-09-02T01:49:53.712Z] [INFO] Returning 0 users for group 123456
[2025-09-02T01:50:13.697Z] [INFO] New WebSocket connection from: ::1
[2025-09-02T01:50:13.698Z] [INFO] API request: /api/users?group=123456
[2025-09-02T01:50:13.698Z] [DEBUG] Looking for group: 123456, available groups: 
[2025-09-02T01:50:13.698Z] [DEBUG] Total users: 0
[2025-09-02T01:50:13.698Z] [DEBUG] Group 123456 not found in groups map
[2025-09-02T01:50:13.698Z] [INFO] Returning 0 users for group 123456
[2025-09-02T01:50:13.699Z] [INFO] Received heartbeat from user: 7509828020950320136, data: {"type":"heartbeat","timestamp":1756777813697,"clientId":"web-1756777813697-yek0veqe2","ip":"unknown","machineId":"web-Mozilla50WindowsNT100Win64x64App","premium_model_fast_request_limit":600,"premium_model_fast_request_usage":85,"user_id":"7509828020950320136","start_time":1756691413,"end_time":1759369813,"group_id":"123456"}
[2025-09-02T01:50:13.700Z] [DEBUG] Updating user: 7509828020950320136, group: 123456, clientId: web-1756777813697-yek0veqe2
[2025-09-02T01:50:13.700Z] [DEBUG] Creating new user: 7509828020950320136
[2025-09-02T01:50:13.700Z] [DEBUG] Creating new group: 123456
[2025-09-02T01:50:13.700Z] [DEBUG] Added user 7509828020950320136 to group 123456. Group now has 1 users
[2025-09-02T01:50:13.700Z] [DEBUG] Total users: 1, Total groups: 1
[2025-09-02T01:50:23.279Z] [INFO] API request: /api/users?group=123456
[2025-09-02T01:50:23.279Z] [DEBUG] Looking for group: 123456, available groups: 123456
[2025-09-02T01:50:23.279Z] [DEBUG] Total users: 1
[2025-09-02T01:50:23.279Z] [DEBUG] Found group 123456 with 1 users
[2025-09-02T01:50:23.279Z] [DEBUG] Adding user 7509828020950320136 to group results
[2025-09-02T01:50:23.279Z] [INFO] Returning 1 users for group 123456
[2025-09-02T01:50:25.579Z] [INFO] New WebSocket connection from: ::1
[2025-09-02T01:50:25.579Z] [INFO] API request: /api/users?group=123456
[2025-09-02T01:50:25.579Z] [DEBUG] Looking for group: 123456, available groups: 123456
[2025-09-02T01:50:25.580Z] [DEBUG] Total users: 1
[2025-09-02T01:50:25.580Z] [DEBUG] Found group 123456 with 1 users
[2025-09-02T01:50:25.580Z] [DEBUG] Adding user 7509828020950320136 to group results
[2025-09-02T01:50:25.580Z] [INFO] Returning 1 users for group 123456
[2025-09-02T01:50:25.582Z] [INFO] Received heartbeat from user: 7509828020950320136, data: {"type":"heartbeat","timestamp":1756777825582,"clientId":"web-1756777825582-bkdkhrq6x","ip":"unknown","machineId":"web-Mozilla50WindowsNT100Win64x64App","premium_model_fast_request_limit":600,"premium_model_fast_request_usage":173,"user_id":"7509828020950320136","start_time":1756691425,"end_time":1759369825,"group_id":"123456"}
[2025-09-02T01:50:25.583Z] [DEBUG] Updating user: 7509828020950320136, group: 123456, clientId: web-1756777825582-bkdkhrq6x
[2025-09-02T01:50:25.583Z] [DEBUG] Added user 7509828020950320136 to group 123456. Group now has 1 users
[2025-09-02T01:50:25.583Z] [DEBUG] Total users: 1, Total groups: 1
[2025-09-02T01:50:31.831Z] [INFO] WebSocket connection closed
[2025-09-02T01:50:31.846Z] [INFO] New WebSocket connection from: ::1
[2025-09-02T01:50:31.847Z] [INFO] Received heartbeat from user: 7509828020950320136, data: {"type":"heartbeat","timestamp":1756777831847,"clientId":"web-1756777831847-w0xk18kps","ip":"unknown","machineId":"web-Mozilla50WindowsNT100Win64x64App","premium_model_fast_request_limit":600,"premium_model_fast_request_usage":124,"user_id":"7509828020950320136","start_time":1756691431,"end_time":1759369831,"group_id":"123456"}
[2025-09-02T01:50:31.848Z] [DEBUG] Updating user: 7509828020950320136, group: 123456, clientId: web-1756777831847-w0xk18kps
[2025-09-02T01:50:31.848Z] [DEBUG] Added user 7509828020950320136 to group 123456. Group now has 1 users
[2025-09-02T01:50:31.848Z] [DEBUG] Total users: 1, Total groups: 1
[2025-09-02T01:50:31.849Z] [INFO] API request: /api/users?group=123456
[2025-09-02T01:50:31.849Z] [DEBUG] Looking for group: 123456, available groups: 123456
[2025-09-02T01:50:31.849Z] [DEBUG] Total users: 1
[2025-09-02T01:50:31.849Z] [DEBUG] Found group 123456 with 1 users
[2025-09-02T01:50:31.850Z] [DEBUG] Adding user 7509828020950320136 to group results
[2025-09-02T01:50:31.850Z] [INFO] Returning 1 users for group 123456
[2025-09-02T01:50:38.347Z] [INFO] WebSocket connection closed
[2025-09-02T01:50:38.355Z] [INFO] New WebSocket connection from: ::1
[2025-09-02T01:50:38.356Z] [INFO] Received heartbeat from user: 7509828020950320136, data: {"type":"heartbeat","timestamp":1756777838356,"clientId":"web-1756777838356-tc2lzami6","ip":"unknown","machineId":"web-Mozilla50WindowsNT100Win64x64App","premium_model_fast_request_limit":600,"premium_model_fast_request_usage":94,"user_id":"7509828020950320136","start_time":1756691438,"end_time":1759369838,"group_id":"123456"}
[2025-09-02T01:50:38.357Z] [DEBUG] Updating user: 7509828020950320136, group: 123456, clientId: web-1756777838356-tc2lzami6
[2025-09-02T01:50:38.357Z] [DEBUG] Added user 7509828020950320136 to group 123456. Group now has 1 users
[2025-09-02T01:50:38.357Z] [DEBUG] Total users: 1, Total groups: 1
[2025-09-02T01:50:38.357Z] [INFO] API request: /api/users?group=123456
[2025-09-02T01:50:38.358Z] [DEBUG] Looking for group: 123456, available groups: 123456
[2025-09-02T01:50:38.358Z] [DEBUG] Total users: 1
[2025-09-02T01:50:38.358Z] [DEBUG] Found group 123456 with 1 users
[2025-09-02T01:50:38.358Z] [DEBUG] Adding user 7509828020950320136 to group results
[2025-09-02T01:50:38.358Z] [INFO] Returning 1 users for group 123456
[2025-09-02T01:50:53.813Z] [INFO] WebSocket connection closed
[2025-09-02T01:50:53.823Z] [INFO] New WebSocket connection from: ::1
[2025-09-02T01:50:53.825Z] [INFO] Received heartbeat from user: 7509828020950320136, data: {"type":"heartbeat","timestamp":1756777853824,"clientId":"web-1756777853824-2m6uwwiht","ip":"unknown","machineId":"web-Mozilla50WindowsNT100Win64x64App","premium_model_fast_request_limit":600,"premium_model_fast_request_usage":117,"user_id":"7509828020950320136","start_time":1756691453,"end_time":1759369853,"group_id":"123456"}
[2025-09-02T01:50:53.825Z] [DEBUG] Updating user: 7509828020950320136, group: 123456, clientId: web-1756777853824-2m6uwwiht
[2025-09-02T01:50:53.825Z] [DEBUG] Added user 7509828020950320136 to group 123456. Group now has 1 users
[2025-09-02T01:50:53.825Z] [DEBUG] Total users: 1, Total groups: 1
[2025-09-02T01:50:53.826Z] [INFO] API request: /api/users?group=123456
[2025-09-02T01:50:53.826Z] [DEBUG] Looking for group: 123456, available groups: 123456
[2025-09-02T01:50:53.826Z] [DEBUG] Total users: 1
[2025-09-02T01:50:53.826Z] [DEBUG] Found group 123456 with 1 users
[2025-09-02T01:50:53.826Z] [DEBUG] Adding user 7509828020950320136 to group results
[2025-09-02T01:50:53.826Z] [INFO] Returning 1 users for group 123456
[2025-09-02T01:50:54.676Z] [INFO] WebSocket connection closed
[2025-09-02T01:50:54.686Z] [INFO] New WebSocket connection from: ::1
[2025-09-02T01:50:54.687Z] [INFO] Received heartbeat from user: 7509828020950320136, data: {"type":"heartbeat","timestamp":1756777854687,"clientId":"web-1756777854687-8jqxgmty1","ip":"unknown","machineId":"web-Mozilla50WindowsNT100Win64x64App","premium_model_fast_request_limit":600,"premium_model_fast_request_usage":135,"user_id":"7509828020950320136","start_time":1756691454,"end_time":1759369854,"group_id":"123456"}
[2025-09-02T01:50:54.687Z] [DEBUG] Updating user: 7509828020950320136, group: 123456, clientId: web-1756777854687-8jqxgmty1
[2025-09-02T01:50:54.688Z] [DEBUG] Added user 7509828020950320136 to group 123456. Group now has 1 users
[2025-09-02T01:50:54.688Z] [DEBUG] Total users: 1, Total groups: 1
[2025-09-02T01:50:54.688Z] [INFO] API request: /api/users?group=123456
[2025-09-02T01:50:54.688Z] [DEBUG] Looking for group: 123456, available groups: 123456
[2025-09-02T01:50:54.689Z] [DEBUG] Total users: 1
[2025-09-02T01:50:54.689Z] [DEBUG] Found group 123456 with 1 users
[2025-09-02T01:50:54.689Z] [DEBUG] Adding user 7509828020950320136 to group results
[2025-09-02T01:50:54.689Z] [INFO] Returning 1 users for group 123456
[2025-09-02T01:50:56.161Z] [INFO] Received heartbeat from user: 7509828020950320136, data: {"type":"heartbeat","timestamp":1756777856160,"clientId":"web-1756777856161-yfohkif7u","ip":"unknown","machineId":"web-Mozilla50WindowsNT100Win64x64App","premium_model_fast_request_limit":600,"premium_model_fast_request_usage":179,"user_id":"7509828020950320136","start_time":1756691456,"end_time":1759369856,"group_id":"123456"}
[2025-09-02T01:50:56.162Z] [DEBUG] Updating user: 7509828020950320136, group: 123456, clientId: web-1756777856161-yfohkif7u
[2025-09-02T01:50:56.162Z] [DEBUG] Added user 7509828020950320136 to group 123456. Group now has 1 users
[2025-09-02T01:50:56.162Z] [DEBUG] Total users: 1, Total groups: 1
[2025-09-02T01:50:56.164Z] [INFO] API request: /api/users?group=123456
[2025-09-02T01:50:56.164Z] [DEBUG] Looking for group: 123456, available groups: 123456
[2025-09-02T01:50:56.164Z] [DEBUG] Total users: 1
[2025-09-02T01:50:56.164Z] [DEBUG] Found group 123456 with 1 users
[2025-09-02T01:50:56.164Z] [DEBUG] Adding user 7509828020950320136 to group results
[2025-09-02T01:50:56.164Z] [INFO] Returning 1 users for group 123456
[2025-09-02T01:51:00.608Z] [INFO] WebSocket connection closed
[2025-09-02T01:51:00.698Z] [INFO] New WebSocket connection from: ::1
[2025-09-02T01:51:00.699Z] [INFO] API request: /api/users?group=123456
[2025-09-02T01:51:00.699Z] [DEBUG] Looking for group: 123456, available groups: 123456
[2025-09-02T01:51:00.699Z] [DEBUG] Total users: 1
[2025-09-02T01:51:00.699Z] [DEBUG] Found group 123456 with 1 users
[2025-09-02T01:51:00.699Z] [DEBUG] Adding user 7509828020950320136 to group results
[2025-09-02T01:51:00.700Z] [INFO] Returning 1 users for group 123456
[2025-09-02T01:51:00.701Z] [INFO] Received heartbeat from user: 7509828020950320136, data: {"type":"heartbeat","timestamp":1756777860700,"clientId":"web-1756777860700-w854j4h62","ip":"unknown","machineId":"web-Mozilla50WindowsNT100Win64x64App","premium_model_fast_request_limit":600,"premium_model_fast_request_usage":91,"user_id":"7509828020950320136","start_time":1756691460,"end_time":1759369860,"group_id":"123456"}
[2025-09-02T01:51:00.701Z] [DEBUG] Updating user: 7509828020950320136, group: 123456, clientId: web-1756777860700-w854j4h62
[2025-09-02T01:51:00.701Z] [DEBUG] Added user 7509828020950320136 to group 123456. Group now has 1 users
[2025-09-02T01:51:00.701Z] [DEBUG] Total users: 1, Total groups: 1
[2025-09-02T01:51:01.509Z] [INFO] WebSocket connection closed
[2025-09-02T01:51:01.578Z] [INFO] New WebSocket connection from: ::1
[2025-09-02T01:51:01.579Z] [INFO] API request: /api/users?group=123456
[2025-09-02T01:51:01.579Z] [DEBUG] Looking for group: 123456, available groups: 123456
[2025-09-02T01:51:01.579Z] [DEBUG] Total users: 1
[2025-09-02T01:51:01.579Z] [DEBUG] Found group 123456 with 1 users
[2025-09-02T01:51:01.579Z] [DEBUG] Adding user 7509828020950320136 to group results
[2025-09-02T01:51:01.579Z] [INFO] Returning 1 users for group 123456
[2025-09-02T01:51:01.580Z] [INFO] Received heartbeat from user: 7509828020950320136, data: {"type":"heartbeat","timestamp":1756777861579,"clientId":"web-1756777861579-zio4a2w2m","ip":"unknown","machineId":"web-Mozilla50WindowsNT100Win64x64App","premium_model_fast_request_limit":600,"premium_model_fast_request_usage":33,"user_id":"7509828020950320136","start_time":1756691461,"end_time":1759369861,"group_id":"123456"}
[2025-09-02T01:51:01.580Z] [DEBUG] Updating user: 7509828020950320136, group: 123456, clientId: web-1756777861579-zio4a2w2m
[2025-09-02T01:51:01.580Z] [DEBUG] Added user 7509828020950320136 to group 123456. Group now has 1 users
[2025-09-02T01:51:01.580Z] [DEBUG] Total users: 1, Total groups: 1
[2025-09-02T01:51:20.004Z] [INFO] WebSocket connection closed
[2025-09-02T01:51:20.065Z] [INFO] New WebSocket connection from: ::1
[2025-09-02T01:51:20.065Z] [INFO] API request: /api/users?group=123456
[2025-09-02T01:51:20.066Z] [DEBUG] Looking for group: 123456, available groups: 123456
[2025-09-02T01:51:20.066Z] [DEBUG] Total users: 1
[2025-09-02T01:51:20.066Z] [DEBUG] Found group 123456 with 1 users
[2025-09-02T01:51:20.066Z] [DEBUG] Adding user 7509828020950320136 to group results
[2025-09-02T01:51:20.066Z] [INFO] Returning 1 users for group 123456
[2025-09-02T01:51:20.067Z] [INFO] Received heartbeat from user: 7509828020950320136, data: {"type":"heartbeat","timestamp":1756777880067,"clientId":"web-1756777880067-36hum68z1","ip":"unknown","machineId":"web-Mozilla50WindowsNT100Win64x64App","premium_model_fast_request_limit":600,"premium_model_fast_request_usage":72,"user_id":"7509828020950320136","start_time":1756691480,"end_time":1759369880,"group_id":"123456"}
[2025-09-02T01:51:20.067Z] [DEBUG] Updating user: 7509828020950320136, group: 123456, clientId: web-1756777880067-36hum68z1
[2025-09-02T01:51:20.068Z] [DEBUG] Added user 7509828020950320136 to group 123456. Group now has 1 users
[2025-09-02T01:51:20.068Z] [DEBUG] Total users: 1, Total groups: 1
[2025-09-02T01:51:21.150Z] [INFO] WebSocket connection closed
[2025-09-02T01:51:21.207Z] [INFO] New WebSocket connection from: ::1
[2025-09-02T01:51:21.208Z] [INFO] API request: /api/users?group=123456
[2025-09-02T01:51:21.209Z] [DEBUG] Looking for group: 123456, available groups: 123456
[2025-09-02T01:51:21.209Z] [DEBUG] Total users: 1
[2025-09-02T01:51:21.209Z] [DEBUG] Found group 123456 with 1 users
[2025-09-02T01:51:21.209Z] [DEBUG] Adding user 7509828020950320136 to group results
[2025-09-02T01:51:21.209Z] [INFO] Returning 1 users for group 123456
[2025-09-02T01:51:21.211Z] [INFO] Received heartbeat from user: 7509828020950320136, data: {"type":"heartbeat","timestamp":1756777881211,"clientId":"web-1756777881211-flnx9ptn1","ip":"unknown","machineId":"web-Mozilla50WindowsNT100Win64x64App","premium_model_fast_request_limit":600,"premium_model_fast_request_usage":82,"user_id":"7509828020950320136","start_time":1756691481,"end_time":1759369881,"group_id":"123456"}
[2025-09-02T01:51:21.211Z] [DEBUG] Updating user: 7509828020950320136, group: 123456, clientId: web-1756777881211-flnx9ptn1
[2025-09-02T01:51:21.212Z] [DEBUG] Added user 7509828020950320136 to group 123456. Group now has 1 users
[2025-09-02T01:51:21.212Z] [DEBUG] Total users: 1, Total groups: 1
[2025-09-02T01:51:24.699Z] [INFO] Received heartbeat from user: 7509828020950320136, data: {"type":"heartbeat","timestamp":1756777884699,"clientId":"web-1756777884699-8ey5d23qn","ip":"unknown","machineId":"web-Mozilla50WindowsNT100Win64x64App","premium_model_fast_request_limit":600,"premium_model_fast_request_usage":105,"user_id":"7509828020950320136","start_time":1756691484,"end_time":1759369884,"group_id":"123456"}
[2025-09-02T01:51:24.699Z] [DEBUG] Updating user: 7509828020950320136, group: 123456, clientId: web-1756777884699-8ey5d23qn
[2025-09-02T01:51:24.700Z] [DEBUG] Added user 7509828020950320136 to group 123456. Group now has 1 users
[2025-09-02T01:51:24.700Z] [DEBUG] Total users: 1, Total groups: 1
[2025-09-02T01:51:24.702Z] [INFO] API request: /api/users?group=123456
[2025-09-02T01:51:24.702Z] [DEBUG] Looking for group: 123456, available groups: 123456
[2025-09-02T01:51:24.702Z] [DEBUG] Total users: 1
[2025-09-02T01:51:24.703Z] [DEBUG] Found group 123456 with 1 users
[2025-09-02T01:51:24.703Z] [DEBUG] Adding user 7509828020950320136 to group results
[2025-09-02T01:51:24.703Z] [INFO] Returning 1 users for group 123456
[2025-09-02T01:51:51.210Z] [INFO] API request: /api/users?group=123456
[2025-09-02T01:51:51.210Z] [DEBUG] Looking for group: 123456, available groups: 123456
[2025-09-02T01:51:51.210Z] [DEBUG] Total users: 1
[2025-09-02T01:51:51.211Z] [DEBUG] Found group 123456 with 1 users
[2025-09-02T01:51:51.211Z] [DEBUG] Adding user 7509828020950320136 to group results
[2025-09-02T01:51:51.211Z] [INFO] Returning 1 users for group 123456
[2025-09-02T01:51:51.212Z] [INFO] Received heartbeat from user: 7509828020950320136, data: {"type":"heartbeat","timestamp":1756777911212,"clientId":"web-1756777911212-40c2lj75w","ip":"unknown","machineId":"web-Mozilla50WindowsNT100Win64x64App","premium_model_fast_request_limit":600,"premium_model_fast_request_usage":122,"user_id":"7509828020950320136","start_time":1756691511,"end_time":1759369911,"group_id":"123456"}
[2025-09-02T01:51:51.213Z] [DEBUG] Updating user: 7509828020950320136, group: 123456, clientId: web-1756777911212-40c2lj75w
[2025-09-02T01:51:51.213Z] [DEBUG] Added user 7509828020950320136 to group 123456. Group now has 1 users
[2025-09-02T01:51:51.213Z] [DEBUG] Total users: 1, Total groups: 1
[2025-09-02T01:51:54.693Z] [INFO] Received heartbeat from user: 7509828020950320136, data: {"type":"heartbeat","timestamp":1756777914693,"clientId":"web-1756777914693-ziupzip4i","ip":"unknown","machineId":"web-Mozilla50WindowsNT100Win64x64App","premium_model_fast_request_limit":600,"premium_model_fast_request_usage":67,"user_id":"7509828020950320136","start_time":1756691514,"end_time":1759369914,"group_id":"123456"}
[2025-09-02T01:51:54.694Z] [DEBUG] Updating user: 7509828020950320136, group: 123456, clientId: web-1756777914693-ziupzip4i
[2025-09-02T01:51:54.694Z] [DEBUG] Added user 7509828020950320136 to group 123456. Group now has 1 users
[2025-09-02T01:51:54.694Z] [DEBUG] Total users: 1, Total groups: 1
[2025-09-02T01:51:54.697Z] [INFO] API request: /api/users?group=123456
[2025-09-02T01:51:54.697Z] [DEBUG] Looking for group: 123456, available groups: 123456
[2025-09-02T01:51:54.697Z] [DEBUG] Total users: 1
[2025-09-02T01:51:54.697Z] [DEBUG] Found group 123456 with 1 users
[2025-09-02T01:51:54.698Z] [DEBUG] Adding user 7509828020950320136 to group results
[2025-09-02T01:51:54.698Z] [INFO] Returning 1 users for group 123456
[2025-09-02T01:52:04.150Z] [INFO] WebSocket connection closed
[2025-09-02T01:52:22.144Z] [INFO] Received heartbeat from user: 7509828020950320136, data: {"type":"heartbeat","timestamp":1756777942144,"clientId":"web-1756777942144-tyr2piwc2","ip":"unknown","machineId":"web-Mozilla50WindowsNT100Win64x64App","premium_model_fast_request_limit":600,"premium_model_fast_request_usage":0,"user_id":"7509828020950320136","start_time":1756691542,"end_time":1759369942,"group_id":"123456"}
[2025-09-02T01:52:22.145Z] [DEBUG] Updating user: 7509828020950320136, group: 123456, clientId: web-1756777942144-tyr2piwc2
[2025-09-02T01:52:22.145Z] [DEBUG] Added user 7509828020950320136 to group 123456. Group now has 1 users
[2025-09-02T01:52:22.145Z] [DEBUG] Total users: 1, Total groups: 1
[2025-09-02T01:52:22.149Z] [INFO] API request: /api/users?group=123456
[2025-09-02T01:52:22.149Z] [DEBUG] Looking for group: 123456, available groups: 123456
[2025-09-02T01:52:22.149Z] [DEBUG] Total users: 1
[2025-09-02T01:52:22.150Z] [DEBUG] Found group 123456 with 1 users
[2025-09-02T01:52:22.150Z] [DEBUG] Adding user 7509828020950320136 to group results
[2025-09-02T01:52:22.150Z] [INFO] Returning 1 users for group 123456
[2025-09-02T01:52:52.150Z] [INFO] Received heartbeat from user: 7509828020950320136, data: {"type":"heartbeat","timestamp":1756777972150,"clientId":"web-1756777972150-4yqi20z36","ip":"unknown","machineId":"web-Mozilla50WindowsNT100Win64x64App","premium_model_fast_request_limit":600,"premium_model_fast_request_usage":55,"user_id":"7509828020950320136","start_time":1756691572,"end_time":1759369972,"group_id":"123456"}
[2025-09-02T01:52:52.150Z] [DEBUG] Updating user: 7509828020950320136, group: 123456, clientId: web-1756777972150-4yqi20z36
[2025-09-02T01:52:52.150Z] [DEBUG] Added user 7509828020950320136 to group 123456. Group now has 1 users
[2025-09-02T01:52:52.150Z] [DEBUG] Total users: 1, Total groups: 1
[2025-09-02T01:52:52.152Z] [INFO] API request: /api/users?group=123456
[2025-09-02T01:52:52.152Z] [DEBUG] Looking for group: 123456, available groups: 123456
[2025-09-02T01:52:52.153Z] [DEBUG] Total users: 1
[2025-09-02T01:52:52.153Z] [DEBUG] Found group 123456 with 1 users
[2025-09-02T01:52:52.153Z] [DEBUG] Adding user 7509828020950320136 to group results
[2025-09-02T01:52:52.153Z] [INFO] Returning 1 users for group 123456
[2025-09-02T01:53:06.373Z] [INFO] Received SIGINT, closing server gracefully...
[2025-09-02T01:53:46.636Z] [INFO] Server running on port 8080
[2025-09-02T01:53:46.638Z] [INFO] WebSocket endpoint: ws://localhost:8080/ws
[2025-09-02T01:53:46.638Z] [INFO] Web interface: http://localhost:8080
[2025-09-02T01:53:46.650Z] [INFO] New WebSocket connection from: ::1
[2025-09-02T01:53:46.652Z] [INFO] Received heartbeat from user: 7509828020950320136, data: {"type":"heartbeat","timestamp":1756778026656,"clientId":"web-1756778026656-mckz95hsk","ip":"unknown","machineId":"web-Mozilla50WindowsNT100Win64x64App","premium_model_fast_request_limit":600,"premium_model_fast_request_usage":138,"user_id":"7509828020950320136","start_time":1756691626,"end_time":1759370026,"group_id":"123456"}
[2025-09-02T01:53:50.311Z] [INFO] New WebSocket connection from: ::ffff:10.2.144.80
[2025-09-02T01:53:50.317Z] [INFO] Received heartbeat from user: 7509828020950320136, data: {"type":"heartbeat","timestamp":1756778030217,"clientId":"vscode-b4f9fe28f3c67cd8abda9881ad7b3225ff630d835d1459329895d09e2340af41-1756776670714","ip":"unknown","machineId":"b4f9fe28f3c67cd8abda9881ad7b3225ff630d835d1459329895d09e2340af41","premium_model_fast_request_limit":600,"premium_model_fast_request_usage":166,"user_id":"7509828020950320136","start_time":1756017428,"end_time":1758609428,"group_id":"123456"}
[2025-09-02T01:53:51.207Z] [INFO] API request: /api/users?group=123456
[2025-09-02T01:53:51.208Z] [INFO] Returning 1 users for group 123456
[2025-09-02T01:53:54.906Z] [INFO] WebSocket connection closed
[2025-09-02T01:53:54.965Z] [INFO] API request: /api/users?group=123456
[2025-09-02T01:53:54.965Z] [INFO] Returning 1 users for group 123456
[2025-09-02T01:53:59.161Z] [INFO] API request: /api/users?group=123456
[2025-09-02T01:53:59.161Z] [INFO] Returning 1 users for group 123456
[2025-09-02T01:54:00.941Z] [INFO] New WebSocket connection from: ::ffff:127.0.0.1
[2025-09-02T01:54:00.943Z] [INFO] Received heartbeat from user: 7509828020950320136, data: {"type":"heartbeat","timestamp":1756778040947,"clientId":"vscode-658194962f68fe34381d49b6adba00c0ff877b7ec47f3788bcd0603209d1b816-1756774977703","ip":"unknown","machineId":"658194962f68fe34381d49b6adba00c0ff877b7ec47f3788bcd0603209d1b816","premium_model_fast_request_limit":600,"premium_model_fast_request_usage":166,"user_id":"7509828020950320136","start_time":1756017428,"end_time":1758609428,"group_id":"123456"}
[2025-09-02T01:54:01.739Z] [INFO] New WebSocket connection from: ::ffff:127.0.0.1
[2025-09-02T01:54:01.741Z] [INFO] Received heartbeat from user: 7509828020950320136, data: {"type":"heartbeat","timestamp":1756778041745,"clientId":"vscode-658194962f68fe34381d49b6adba00c0ff877b7ec47f3788bcd0603209d1b816-1756774978316","ip":"unknown","machineId":"658194962f68fe34381d49b6adba00c0ff877b7ec47f3788bcd0603209d1b816","premium_model_fast_request_limit":600,"premium_model_fast_request_usage":166,"user_id":"7509828020950320136","start_time":1756017428,"end_time":1758609428,"group_id":"123456"}
[2025-09-02T01:54:08.721Z] [INFO] API request: /api/users?group=123456
[2025-09-02T01:54:08.722Z] [INFO] Returning 1 users for group 123456
[2025-09-02T01:54:13.278Z] [INFO] Received heartbeat from user: 7509828020950320136, data: {"type":"heartbeat","timestamp":1756778053175,"clientId":"vscode-b4f9fe28f3c67cd8abda9881ad7b3225ff630d835d1459329895d09e2340af41-1756776670714","ip":"unknown","machineId":"b4f9fe28f3c67cd8abda9881ad7b3225ff630d835d1459329895d09e2340af41","premium_model_fast_request_limit":600,"premium_model_fast_request_usage":166,"user_id":"7509828020950320136","start_time":1756017428,"end_time":1758609428,"group_id":"123456"}
[2025-09-02T01:54:30.944Z] [INFO] Received heartbeat from user: 7509828020950320136, data: {"type":"heartbeat","timestamp":1756778070948,"clientId":"vscode-658194962f68fe34381d49b6adba00c0ff877b7ec47f3788bcd0603209d1b816-1756774977703","ip":"unknown","machineId":"658194962f68fe34381d49b6adba00c0ff877b7ec47f3788bcd0603209d1b816","premium_model_fast_request_limit":600,"premium_model_fast_request_usage":166,"user_id":"7509828020950320136","start_time":1756017428,"end_time":1758609428,"group_id":"123456"}
[2025-09-02T01:54:31.839Z] [INFO] Received heartbeat from user: 7509828020950320136, data: {"type":"heartbeat","timestamp":1756778071843,"clientId":"vscode-658194962f68fe34381d49b6adba00c0ff877b7ec47f3788bcd0603209d1b816-1756774978316","ip":"unknown","machineId":"658194962f68fe34381d49b6adba00c0ff877b7ec47f3788bcd0603209d1b816","premium_model_fast_request_limit":600,"premium_model_fast_request_usage":166,"user_id":"7509828020950320136","start_time":1756017428,"end_time":1758609428,"group_id":"123456"}
[2025-09-02T01:54:38.736Z] [INFO] API request: /api/users?group=123456
[2025-09-02T01:54:38.737Z] [INFO] Returning 1 users for group 123456
[2025-09-02T01:54:43.287Z] [INFO] Received heartbeat from user: 7509828020950320136, data: {"type":"heartbeat","timestamp":1756778083185,"clientId":"vscode-b4f9fe28f3c67cd8abda9881ad7b3225ff630d835d1459329895d09e2340af41-1756776670714","ip":"unknown","machineId":"b4f9fe28f3c67cd8abda9881ad7b3225ff630d835d1459329895d09e2340af41","premium_model_fast_request_limit":600,"premium_model_fast_request_usage":166,"user_id":"7509828020950320136","start_time":1756017428,"end_time":1758609428,"group_id":"123456"}
[2025-09-02T01:55:01.279Z] [INFO] Received heartbeat from user: 7509828020950320136, data: {"type":"heartbeat","timestamp":1756778101270,"clientId":"vscode-658194962f68fe34381d49b6adba00c0ff877b7ec47f3788bcd0603209d1b816-1756774977703","ip":"unknown","machineId":"658194962f68fe34381d49b6adba00c0ff877b7ec47f3788bcd0603209d1b816","premium_model_fast_request_limit":600,"premium_model_fast_request_usage":166,"user_id":"7509828020950320136","start_time":1756017428,"end_time":1758609428,"group_id":"123456"}
[2025-09-02T01:55:01.849Z] [INFO] Received heartbeat from user: 7509828020950320136, data: {"type":"heartbeat","timestamp":1756778101848,"clientId":"vscode-658194962f68fe34381d49b6adba00c0ff877b7ec47f3788bcd0603209d1b816-1756774978316","ip":"unknown","machineId":"658194962f68fe34381d49b6adba00c0ff877b7ec47f3788bcd0603209d1b816","premium_model_fast_request_limit":600,"premium_model_fast_request_usage":166,"user_id":"7509828020950320136","start_time":1756017428,"end_time":1758609428,"group_id":"123456"}
[2025-09-02T01:55:08.741Z] [INFO] API request: /api/users?group=123456
[2025-09-02T01:55:08.742Z] [INFO] Returning 1 users for group 123456
[2025-09-02T01:55:13.301Z] [INFO] Received heartbeat from user: 7509828020950320136, data: {"type":"heartbeat","timestamp":1756778113191,"clientId":"vscode-b4f9fe28f3c67cd8abda9881ad7b3225ff630d835d1459329895d09e2340af41-1756776670714","ip":"unknown","machineId":"b4f9fe28f3c67cd8abda9881ad7b3225ff630d835d1459329895d09e2340af41","premium_model_fast_request_limit":600,"premium_model_fast_request_usage":166,"user_id":"7509828020950320136","start_time":1756017428,"end_time":1758609428,"group_id":"123456"}
[2025-09-02T01:55:31.286Z] [INFO] Received heartbeat from user: 7509828020950320136, data: {"type":"heartbeat","timestamp":1756778131277,"clientId":"vscode-658194962f68fe34381d49b6adba00c0ff877b7ec47f3788bcd0603209d1b816-1756774977703","ip":"unknown","machineId":"658194962f68fe34381d49b6adba00c0ff877b7ec47f3788bcd0603209d1b816","premium_model_fast_request_limit":600,"premium_model_fast_request_usage":166,"user_id":"7509828020950320136","start_time":1756017428,"end_time":1758609428,"group_id":"123456"}
[2025-09-02T01:55:31.950Z] [INFO] Received heartbeat from user: 7509828020950320136, data: {"type":"heartbeat","timestamp":1756778131949,"clientId":"vscode-658194962f68fe34381d49b6adba00c0ff877b7ec47f3788bcd0603209d1b816-1756774978316","ip":"unknown","machineId":"658194962f68fe34381d49b6adba00c0ff877b7ec47f3788bcd0603209d1b816","premium_model_fast_request_limit":600,"premium_model_fast_request_usage":166,"user_id":"7509828020950320136","start_time":1756017428,"end_time":1758609428,"group_id":"123456"}
[2025-09-02T01:55:39.149Z] [INFO] API request: /api/users?group=123456
[2025-09-02T01:55:39.149Z] [INFO] Returning 1 users for group 123456
[2025-09-02T01:55:43.314Z] [INFO] Received heartbeat from user: 7509828020950320136, data: {"type":"heartbeat","timestamp":1756778143204,"clientId":"vscode-b4f9fe28f3c67cd8abda9881ad7b3225ff630d835d1459329895d09e2340af41-1756776670714","ip":"unknown","machineId":"b4f9fe28f3c67cd8abda9881ad7b3225ff630d835d1459329895d09e2340af41","premium_model_fast_request_limit":600,"premium_model_fast_request_usage":166,"user_id":"7509828020950320136","start_time":1756017428,"end_time":1758609428,"group_id":"123456"}
[2025-09-02T01:56:01.288Z] [INFO] Received heartbeat from user: 7509828020950320136, data: {"type":"heartbeat","timestamp":1756778161287,"clientId":"vscode-658194962f68fe34381d49b6adba00c0ff877b7ec47f3788bcd0603209d1b816-1756774977703","ip":"unknown","machineId":"658194962f68fe34381d49b6adba00c0ff877b7ec47f3788bcd0603209d1b816","premium_model_fast_request_limit":600,"premium_model_fast_request_usage":166,"user_id":"7509828020950320136","start_time":1756017428,"end_time":1758609428,"group_id":"123456"}
[2025-09-02T01:56:01.956Z] [INFO] Received heartbeat from user: 7509828020950320136, data: {"type":"heartbeat","timestamp":1756778161956,"clientId":"vscode-658194962f68fe34381d49b6adba00c0ff877b7ec47f3788bcd0603209d1b816-1756774978316","ip":"unknown","machineId":"658194962f68fe34381d49b6adba00c0ff877b7ec47f3788bcd0603209d1b816","premium_model_fast_request_limit":600,"premium_model_fast_request_usage":166,"user_id":"7509828020950320136","start_time":1756017428,"end_time":1758609428,"group_id":"123456"}
[2025-09-02T01:56:09.156Z] [INFO] API request: /api/users?group=123456
[2025-09-02T01:56:09.157Z] [INFO] Returning 1 users for group 123456
[2025-09-02T01:56:12.598Z] [INFO] Received heartbeat from user: 7509828020950320136, data: {"type":"heartbeat","timestamp":1756778172486,"clientId":"vscode-b4f9fe28f3c67cd8abda9881ad7b3225ff630d835d1459329895d09e2340af41-1756776670714","ip":"unknown","machineId":"b4f9fe28f3c67cd8abda9881ad7b3225ff630d835d1459329895d09e2340af41","premium_model_fast_request_limit":600,"premium_model_fast_request_usage":167,"user_id":"7509828020950320136","start_time":1756017428,"end_time":1758609428,"group_id":"123456"}
[2025-09-02T01:56:13.323Z] [INFO] Received heartbeat from user: 7509828020950320136, data: {"type":"heartbeat","timestamp":1756778173212,"clientId":"vscode-b4f9fe28f3c67cd8abda9881ad7b3225ff630d835d1459329895d09e2340af41-1756776670714","ip":"unknown","machineId":"b4f9fe28f3c67cd8abda9881ad7b3225ff630d835d1459329895d09e2340af41","premium_model_fast_request_limit":600,"premium_model_fast_request_usage":167,"user_id":"7509828020950320136","start_time":1756017428,"end_time":1758609428,"group_id":"123456"}
[2025-09-02T01:56:31.581Z] [INFO] Received heartbeat from user: 7509828020950320136, data: {"type":"heartbeat","timestamp":1756778191580,"clientId":"vscode-658194962f68fe34381d49b6adba00c0ff877b7ec47f3788bcd0603209d1b816-1756774977703","ip":"unknown","machineId":"658194962f68fe34381d49b6adba00c0ff877b7ec47f3788bcd0603209d1b816","premium_model_fast_request_limit":600,"premium_model_fast_request_usage":166,"user_id":"7509828020950320136","start_time":1756017428,"end_time":1758609428,"group_id":"123456"}
[2025-09-02T01:56:31.956Z] [INFO] Received heartbeat from user: 7509828020950320136, data: {"type":"heartbeat","timestamp":1756778191955,"clientId":"vscode-658194962f68fe34381d49b6adba00c0ff877b7ec47f3788bcd0603209d1b816-1756774978316","ip":"unknown","machineId":"658194962f68fe34381d49b6adba00c0ff877b7ec47f3788bcd0603209d1b816","premium_model_fast_request_limit":600,"premium_model_fast_request_usage":166,"user_id":"7509828020950320136","start_time":1756017428,"end_time":1758609428,"group_id":"123456"}
[2025-09-02T01:56:39.160Z] [INFO] API request: /api/users?group=123456
[2025-09-02T01:56:39.160Z] [INFO] Returning 1 users for group 123456
[2025-09-02T01:56:43.324Z] [INFO] Received heartbeat from user: 7509828020950320136, data: {"type":"heartbeat","timestamp":1756778203213,"clientId":"vscode-b4f9fe28f3c67cd8abda9881ad7b3225ff630d835d1459329895d09e2340af41-1756776670714","ip":"unknown","machineId":"b4f9fe28f3c67cd8abda9881ad7b3225ff630d835d1459329895d09e2340af41","premium_model_fast_request_limit":600,"premium_model_fast_request_usage":167,"user_id":"7509828020950320136","start_time":1756017428,"end_time":1758609428,"group_id":"123456"}
[2025-09-02T01:56:48.783Z] [INFO] Server running on port 8080
[2025-09-02T01:56:48.786Z] [INFO] WebSocket endpoint: ws://localhost:8080/ws
[2025-09-02T01:56:48.786Z] [INFO] Web interface: http://localhost:8080
[2025-09-02T01:56:54.346Z] [INFO] API request: /api/users?group=123456
[2025-09-02T01:56:54.347Z] [INFO] Returning 0 users for group 123456
[2025-09-02T01:56:54.756Z] [INFO] API request: /api/users?group=123456
[2025-09-02T01:56:54.756Z] [INFO] Returning 0 users for group 123456
[2025-09-02T01:57:00.720Z] [INFO] API request: /api/users?group=123456
[2025-09-02T01:57:00.720Z] [INFO] Returning 0 users for group 123456
[2025-09-02T01:57:01.582Z] [INFO] New WebSocket connection from: ::ffff:127.0.0.1
[2025-09-02T01:57:01.584Z] [INFO] Received heartbeat from user: 7509828020950320136, data: {"type":"heartbeat","timestamp":1756778221588,"clientId":"vscode-658194962f68fe34381d49b6adba00c0ff877b7ec47f3788bcd0603209d1b816-1756774977703","ip":"unknown","machineId":"658194962f68fe34381d49b6adba00c0ff877b7ec47f3788bcd0603209d1b816","premium_model_fast_request_limit":600,"premium_model_fast_request_usage":166,"user_id":"7509828020950320136","start_time":1756017428,"end_time":1758609428,"group_id":"123456"}
[2025-09-02T01:57:01.954Z] [INFO] New WebSocket connection from: ::ffff:127.0.0.1
[2025-09-02T01:57:01.956Z] [INFO] Received heartbeat from user: 7509828020950320136, data: {"type":"heartbeat","timestamp":1756778221961,"clientId":"vscode-658194962f68fe34381d49b6adba00c0ff877b7ec47f3788bcd0603209d1b816-1756774978316","ip":"unknown","machineId":"658194962f68fe34381d49b6adba00c0ff877b7ec47f3788bcd0603209d1b816","premium_model_fast_request_limit":600,"premium_model_fast_request_usage":166,"user_id":"7509828020950320136","start_time":1756017428,"end_time":1758609428,"group_id":"123456"}
[2025-09-02T01:57:08.025Z] [INFO] Received heartbeat from user: 7509828020950320136, data: {"type":"heartbeat","timestamp":1756778228030,"clientId":"vscode-658194962f68fe34381d49b6adba00c0ff877b7ec47f3788bcd0603209d1b816-1756774977703","ip":"unknown","machineId":"658194962f68fe34381d49b6adba00c0ff877b7ec47f3788bcd0603209d1b816","premium_model_fast_request_limit":600,"premium_model_fast_request_usage":167,"user_id":"7509828020950320136","start_time":1756017428,"end_time":1758609428,"group_id":"123456"}
[2025-09-02T01:57:08.935Z] [INFO] API request: /api/users?group=123456
[2025-09-02T01:57:08.936Z] [INFO] Returning 1 users for group 123456
[2025-09-02T01:57:09.765Z] [INFO] API request: /api/users?group=123456
[2025-09-02T01:57:09.766Z] [INFO] Returning 1 users for group 123456
[2025-09-02T01:57:13.333Z] [INFO] New WebSocket connection from: ::ffff:10.2.144.80
[2025-09-02T01:57:13.336Z] [INFO] Received heartbeat from user: 7509828020950320136, data: {"type":"heartbeat","timestamp":1756778233230,"clientId":"vscode-b4f9fe28f3c67cd8abda9881ad7b3225ff630d835d1459329895d09e2340af41-1756776670714","ip":"unknown","machineId":"b4f9fe28f3c67cd8abda9881ad7b3225ff630d835d1459329895d09e2340af41","premium_model_fast_request_limit":600,"premium_model_fast_request_usage":167,"user_id":"7509828020950320136","start_time":1756017428,"end_time":1758609428,"group_id":"123456"}
[2025-09-02T01:57:15.827Z] [INFO] Received heartbeat from user: 7509828020950320136, data: {"type":"heartbeat","timestamp":1756778235721,"clientId":"vscode-b4f9fe28f3c67cd8abda9881ad7b3225ff630d835d1459329895d09e2340af41-1756776670714","ip":"unknown","machineId":"b4f9fe28f3c67cd8abda9881ad7b3225ff630d835d1459329895d09e2340af41","premium_model_fast_request_limit":600,"premium_model_fast_request_usage":167,"user_id":"7509828020950320136","start_time":1756017428,"end_time":1758609428,"group_id":"123456"}
[2025-09-02T01:57:16.840Z] [INFO] API request: /api/users?group=123456
[2025-09-02T01:57:16.840Z] [INFO] Returning 1 users for group 123456
[2025-09-02T01:57:17.454Z] [INFO] API request: /api/users?group=123456
[2025-09-02T01:57:17.454Z] [INFO] Returning 1 users for group 123456
[2025-09-02T01:57:24.766Z] [INFO] API request: /api/users?group=123456
[2025-09-02T01:57:24.767Z] [INFO] Returning 1 users for group 123456
[2025-09-02T01:57:31.576Z] [INFO] Received heartbeat from user: 7509828020950320136, data: {"type":"heartbeat","timestamp":1756778251581,"clientId":"vscode-658194962f68fe34381d49b6adba00c0ff877b7ec47f3788bcd0603209d1b816-1756774977703","ip":"unknown","machineId":"658194962f68fe34381d49b6adba00c0ff877b7ec47f3788bcd0603209d1b816","premium_model_fast_request_limit":600,"premium_model_fast_request_usage":167,"user_id":"7509828020950320136","start_time":1756017428,"end_time":1758609428,"group_id":"123456"}
[2025-09-02T01:57:31.951Z] [INFO] Received heartbeat from user: 7509828020950320136, data: {"type":"heartbeat","timestamp":1756778251956,"clientId":"vscode-658194962f68fe34381d49b6adba00c0ff877b7ec47f3788bcd0603209d1b816-1756774978316","ip":"unknown","machineId":"658194962f68fe34381d49b6adba00c0ff877b7ec47f3788bcd0603209d1b816","premium_model_fast_request_limit":600,"premium_model_fast_request_usage":166,"user_id":"7509828020950320136","start_time":1756017428,"end_time":1758609428,"group_id":"123456"}
[2025-09-02T01:57:43.329Z] [INFO] Received heartbeat from user: 7509828020950320136, data: {"type":"heartbeat","timestamp":1756778263222,"clientId":"vscode-b4f9fe28f3c67cd8abda9881ad7b3225ff630d835d1459329895d09e2340af41-1756776670714","ip":"unknown","machineId":"b4f9fe28f3c67cd8abda9881ad7b3225ff630d835d1459329895d09e2340af41","premium_model_fast_request_limit":600,"premium_model_fast_request_usage":167,"user_id":"7509828020950320136","start_time":1756017428,"end_time":1758609428,"group_id":"123456"}
[2025-09-02T01:57:47.471Z] [INFO] API request: /api/users?group=123456
[2025-09-02T01:57:47.471Z] [INFO] Returning 1 users for group 123456
[2025-09-02T01:57:54.761Z] [INFO] API request: /api/users?group=123456
[2025-09-02T01:57:54.762Z] [INFO] Returning 1 users for group 123456
[2025-09-02T01:57:59.564Z] [INFO] Received heartbeat from user: 7509828020950320136, data: {"type":"heartbeat","timestamp":1756778279567,"clientId":"vscode-658194962f68fe34381d49b6adba00c0ff877b7ec47f3788bcd0603209d1b816-1756774978316","ip":"unknown","machineId":"658194962f68fe34381d49b6adba00c0ff877b7ec47f3788bcd0603209d1b816","premium_model_fast_request_limit":600,"premium_model_fast_request_usage":167,"user_id":"7509828020950320136","start_time":1756017428,"end_time":1758609428,"group_id":"123456"}
[2025-09-02T01:57:59.591Z] [INFO] Received heartbeat from user: 7509828020950320136, data: {"type":"heartbeat","timestamp":1756778279594,"clientId":"vscode-658194962f68fe34381d49b6adba00c0ff877b7ec47f3788bcd0603209d1b816-1756774977703","ip":"unknown","machineId":"658194962f68fe34381d49b6adba00c0ff877b7ec47f3788bcd0603209d1b816","premium_model_fast_request_limit":600,"premium_model_fast_request_usage":167,"user_id":"7509828020950320136","start_time":1756017428,"end_time":1758609428,"group_id":"123456"}
[2025-09-02T01:58:01.579Z] [INFO] Received heartbeat from user: 7509828020950320136, data: {"type":"heartbeat","timestamp":1756778281581,"clientId":"vscode-658194962f68fe34381d49b6adba00c0ff877b7ec47f3788bcd0603209d1b816-1756774977703","ip":"unknown","machineId":"658194962f68fe34381d49b6adba00c0ff877b7ec47f3788bcd0603209d1b816","premium_model_fast_request_limit":600,"premium_model_fast_request_usage":167,"user_id":"7509828020950320136","start_time":1756017428,"end_time":1758609428,"group_id":"123456"}
[2025-09-02T01:58:02.041Z] [INFO] Received heartbeat from user: 7509828020950320136, data: {"type":"heartbeat","timestamp":1756778282035,"clientId":"vscode-658194962f68fe34381d49b6adba00c0ff877b7ec47f3788bcd0603209d1b816-1756774978316","ip":"unknown","machineId":"658194962f68fe34381d49b6adba00c0ff877b7ec47f3788bcd0603209d1b816","premium_model_fast_request_limit":600,"premium_model_fast_request_usage":167,"user_id":"7509828020950320136","start_time":1756017428,"end_time":1758609428,"group_id":"123456"}
